0 info it worked if it ends with ok
1 verbose cli [ 'F:\\Programs\\nodejs\\node.exe',
1 verbose cli   'F:\\Programs\\nodejs\\node_modules\\npm\\bin\\npm-cli.js',
1 verbose cli   'publish' ]
2 info using npm@2.14.7
3 info using node@v4.2.1
4 verbose config Skipping project config: E:\Users\Bohdan/.npmrc. (matches userconfig)
5 verbose publish [ '.' ]
6 silly cache add args [ '.', null ]
7 verbose cache add spec .
8 silly cache add parsed spec Result {
8 silly cache add   raw: '.',
8 silly cache add   scope: null,
8 silly cache add   name: null,
8 silly cache add   rawSpec: '.',
8 silly cache add   spec: 'E:\\Users\\Bohdan\\PhpstormProjects\\Lelly',
8 silly cache add   type: 'local' }
9 error addLocal Could not install E:\Users\Bohdan\PhpstormProjects\Lelly
10 verbose stack Error: EISDIR: illegal operation on a directory, read
10 verbose stack     at Error (native)
11 verbose cwd E:\Users\Bohdan\PhpstormProjects\Lelly
12 error Windows_NT 6.1.7601
13 error argv "F:\\Programs\\nodejs\\node.exe" "F:\\Programs\\nodejs\\node_modules\\npm\\bin\\npm-cli.js" "publish"
14 error node v4.2.1
15 error npm  v2.14.7
16 error code EISDIR
17 error errno -4068
18 error syscall read
19 error eisdir EISDIR: illegal operation on a directory, read
19 error eisdir This is most likely not a problem with npm itself
19 error eisdir and is related to npm not being able to find a package.json in
19 error eisdir a package you are trying to install.
20 verbose exit [ -4068, true ]
